2023-08-23 11:56:56.347 [restartedMain] INFO  c.e.s.SpringbootLoggerWithLogbackApplication - Starting SpringbootLoggerWithLogbackApplication using Java 19.0.2 with PID 20648 (/Users/consultadd/Downloads/springbootLoggerWithLogback/target/classes started by consultadd in /Users/consultadd/Downloads/springbootLoggerWithLogback)
2023-08-23 11:56:56.348 [restartedMain] DEBUG c.e.s.SpringbootLoggerWithLogbackApplication - Running with Spring Boot v3.1.2, Spring v6.0.11
2023-08-23 11:56:56.349 [restartedMain] INFO  c.e.s.SpringbootLoggerWithLogbackApplication - No active profile set, falling back to 1 default profile: "default"
2023-08-23 11:56:56.380 [restartedMain] INFO  o.s.b.d.e.DevToolsPropertyDefaultsPostProcessor - Devtools property defaults active! Set 'spring.devtools.add-properties' to 'false' to disable
2023-08-23 11:56:56.381 [restartedMain] INFO  o.s.b.d.e.DevToolsPropertyDefaultsPostProcessor - For additional web related logging consider setting the 'logging.level.web' property to 'DEBUG'
2023-08-23 11:56:56.876 [restartedMain] INFO  o.s.b.w.e.tomcat.TomcatWebServer - Tomcat initialized with port(s): 8080 (http)
2023-08-23 11:56:56.880 [restartedMain] INFO  o.a.coyote.http11.Http11NioProtocol - Initializing ProtocolHandler ["http-nio-8080"]
2023-08-23 11:56:56.881 [restartedMain] INFO  o.a.catalina.core.StandardService - Starting service [Tomcat]
2023-08-23 11:56:56.882 [restartedMain] INFO  o.a.catalina.core.StandardEngine - Starting Servlet engine: [Apache Tomcat/10.1.11]
2023-08-23 11:56:56.911 [restartedMain] INFO  o.a.c.c.C.[Tomcat].[localhost].[/] - Initializing Spring embedded WebApplicationContext
2023-08-23 11:56:56.912 [restartedMain] INFO  o.s.b.w.s.c.ServletWebServerApplicationContext - Root WebApplicationContext: initialization completed in 527 ms
2023-08-23 11:56:57.073 [restartedMain] INFO  o.s.b.d.a.OptionalLiveReloadServer - LiveReload server is running on port 35729
2023-08-23 11:56:57.078 [restartedMain] INFO  o.a.coyote.http11.Http11NioProtocol - Starting ProtocolHandler ["http-nio-8080"]
2023-08-23 11:56:57.084 [restartedMain] INFO  o.s.b.w.e.tomcat.TomcatWebServer - Tomcat started on port(s): 8080 (http) with context path ''
2023-08-23 11:56:57.090 [restartedMain] INFO  c.e.s.SpringbootLoggerWithLogbackApplication - Started SpringbootLoggerWithLogbackApplication in 0.894 seconds (process running for 1.241)
2023-08-23 11:57:52 [restartedMain] INFO  c.e.s.SpringbootLoggerWithLogbackApplication - Starting SpringbootLoggerWithLogbackApplication using Java 19.0.2 with PID 20706 (/Users/consultadd/Downloads/springbootLoggerWithLogback/target/classes started by consultadd in /Users/consultadd/Downloads/springbootLoggerWithLogback)
2023-08-23 11:57:52 [restartedMain] DEBUG c.e.s.SpringbootLoggerWithLogbackApplication - Running with Spring Boot v3.1.2, Spring v6.0.11
2023-08-23 11:57:52 [restartedMain] INFO  c.e.s.SpringbootLoggerWithLogbackApplication - No active profile set, falling back to 1 default profile: "default"
2023-08-23 11:57:52 [restartedMain] INFO  o.s.b.d.e.DevToolsPropertyDefaultsPostProcessor - Devtools property defaults active! Set 'spring.devtools.add-properties' to 'false' to disable
2023-08-23 11:57:52 [restartedMain] INFO  o.s.b.d.e.DevToolsPropertyDefaultsPostProcessor - For additional web related logging consider setting the 'logging.level.web' property to 'DEBUG'
2023-08-23 11:57:52 [restartedMain] INFO  o.s.b.w.e.tomcat.TomcatWebServer - Tomcat initialized with port(s): 8080 (http)
2023-08-23 11:57:52 [restartedMain] INFO  o.a.coyote.http11.Http11NioProtocol - Initializing ProtocolHandler ["http-nio-8080"]
2023-08-23 11:57:52 [restartedMain] INFO  o.a.catalina.core.StandardService - Starting service [Tomcat]
2023-08-23 11:57:52 [restartedMain] INFO  o.a.catalina.core.StandardEngine - Starting Servlet engine: [Apache Tomcat/10.1.11]
2023-08-23 11:57:52 [restartedMain] INFO  o.a.c.c.C.[Tomcat].[localhost].[/] - Initializing Spring embedded WebApplicationContext
2023-08-23 11:57:52 [restartedMain] INFO  o.s.b.w.s.c.ServletWebServerApplicationContext - Root WebApplicationContext: initialization completed in 449 ms
2023-08-23 11:57:52 [restartedMain] INFO  o.s.b.d.a.OptionalLiveReloadServer - LiveReload server is running on port 35729
2023-08-23 11:57:52 [restartedMain] INFO  o.a.coyote.http11.Http11NioProtocol - Starting ProtocolHandler ["http-nio-8080"]
2023-08-23 11:57:52 [restartedMain] INFO  o.s.b.w.e.tomcat.TomcatWebServer - Tomcat started on port(s): 8080 (http) with context path ''
2023-08-23 11:57:52 [restartedMain] INFO  c.e.s.SpringbootLoggerWithLogbackApplication - Started SpringbootLoggerWithLogbackApplication in 0.809 seconds (process running for 1.117)
2023-08-23 11:58:24 - Starting SpringbootLoggerWithLogbackApplication using Java 19.0.2 with PID 20740 (/Users/consultadd/Downloads/springbootLoggerWithLogback/target/classes started by consultadd in /Users/consultadd/Downloads/springbootLoggerWithLogback)
2023-08-23 11:58:24 - Running with Spring Boot v3.1.2, Spring v6.0.11
2023-08-23 11:58:24 - No active profile set, falling back to 1 default profile: "default"
2023-08-23 11:58:24 - Devtools property defaults active! Set 'spring.devtools.add-properties' to 'false' to disable
2023-08-23 11:58:24 - For additional web related logging consider setting the 'logging.level.web' property to 'DEBUG'
2023-08-23 11:58:24 - Tomcat initialized with port(s): 8080 (http)
2023-08-23 11:58:24 - Initializing ProtocolHandler ["http-nio-8080"]
2023-08-23 11:58:24 - Starting service [Tomcat]
2023-08-23 11:58:24 - Starting Servlet engine: [Apache Tomcat/10.1.11]
2023-08-23 11:58:24 - Initializing Spring embedded WebApplicationContext
2023-08-23 11:58:24 - Root WebApplicationContext: initialization completed in 469 ms
2023-08-23 11:58:24 - LiveReload server is running on port 35729
2023-08-23 11:58:24 - Starting ProtocolHandler ["http-nio-8080"]
2023-08-23 11:58:24 - Tomcat started on port(s): 8080 (http) with context path ''
2023-08-23 11:58:24 - Started SpringbootLoggerWithLogbackApplication in 0.832 seconds (process running for 1.114)
2023-08-23 12:00:05 - Starting SpringbootLoggerWithLogbackApplication using Java 19.0.2 with PID 20843 (/Users/consultadd/Downloads/springbootLoggerWithLogback/target/classes started by consultadd in /Users/consultadd/Downloads/springbootLoggerWithLogback)
2023-08-23 12:00:05 - Running with Spring Boot v3.1.2, Spring v6.0.11
2023-08-23 12:00:05 - No active profile set, falling back to 1 default profile: "default"
2023-08-23 12:00:05 - Devtools property defaults active! Set 'spring.devtools.add-properties' to 'false' to disable
2023-08-23 12:00:05 - For additional web related logging consider setting the 'logging.level.web' property to 'DEBUG'
2023-08-23 12:00:05 - Tomcat initialized with port(s): 8080 (http)
2023-08-23 12:00:05 - Initializing ProtocolHandler ["http-nio-8080"]
2023-08-23 12:00:05 - Starting service [Tomcat]
2023-08-23 12:00:05 - Starting Servlet engine: [Apache Tomcat/10.1.11]
2023-08-23 12:00:05 - Initializing Spring embedded WebApplicationContext
2023-08-23 12:00:05 - Root WebApplicationContext: initialization completed in 429 ms
2023-08-23 12:00:05 - LiveReload server is running on port 35729
2023-08-23 12:00:05 - Starting ProtocolHandler ["http-nio-8080"]
2023-08-23 12:00:05 - Tomcat started on port(s): 8080 (http) with context path ''
2023-08-23 12:00:05 - Started SpringbootLoggerWithLogbackApplication in 0.776 seconds (process running for 1.05)
